INFO: [VRFC 10-2263] Analyzing Verilog file "C:/Users/Opex9020/Desktop/Test/HDMI_Demo/HDMI_Demo/HDMI_Demo.sim/sim_1/impl/timing/xsim/TestBench_time_impl.v" into library xil_defaultlib
INFO: [VRFC 10-311] analyzing module Driver_HDMI
INFO: [VRFC 10-311] analyzing module HDMI_Demo
INFO: [VRFC 10-311] analyzing module Picture_R_Rom
INFO: [VRFC 10-311] analyzing module Picture_R_Rom_HD16
INFO: [VRFC 10-311] analyzing module Picture_R_Rom_HD3
INFO: [VRFC 10-311] analyzing module Video_Generator
INFO: [VRFC 10-311] analyzing module clk_wiz_0
INFO: [VRFC 10-311] analyzing module clk_wiz_0_clk_wiz_0_clk_wiz
INFO: [VRFC 10-311] analyzing module rgb2dvi_0
INFO: [VRFC 10-311] analyzing module rgb2dvi_0_ClockGen
INFO: [VRFC 10-311] analyzing module rgb2dvi_0_OutputSERDES
INFO: [VRFC 10-311] analyzing module rgb2dvi_0_OutputSERDES_0
INFO: [VRFC 10-311] analyzing module rgb2dvi_0_OutputSERDES_2
INFO: [VRFC 10-311] analyzing module rgb2dvi_0_OutputSERDES_4
INFO: [VRFC 10-311] analyzing module rgb2dvi_0_ResetBridge
INFO: [VRFC 10-311] analyzing module rgb2dvi_0_ResetBridge_5
INFO: [VRFC 10-311] analyzing module rgb2dvi_0_SyncAsync
INFO: [VRFC 10-311] analyzing module rgb2dvi_0_SyncAsync_6
INFO: [VRFC 10-311] analyzing module rgb2dvi_0_SyncAsync__parameterized1
INFO: [VRFC 10-311] analyzing module rgb2dvi_0_TMDS_Encoder
INFO: [VRFC 10-311] analyzing module rgb2dvi_0_TMDS_Encoder_1
INFO: [VRFC 10-311] analyzing module rgb2dvi_0_TMDS_Encoder_3
INFO: [VRFC 10-311] analyzing module rgb2dvi_0_rgb2dvi
INFO: [VRFC 10-311] analyzing module Picture_R_Rom_bindec
INFO: [VRFC 10-311] analyzing module Picture_R_Rom_bindec_HD21
INFO: [VRFC 10-311] analyzing module Picture_R_Rom_bindec_HD8
INFO: [VRFC 10-311] analyzing module Picture_R_Rom_blk_mem_gen_generic_cstr
INFO: [VRFC 10-311] analyzing module Picture_R_Rom_blk_mem_gen_generic_cstr_HD20
INFO: [VRFC 10-311] analyzing module Picture_R_Rom_blk_mem_gen_generic_cstr_HD7
INFO: [VRFC 10-311] analyzing module Picture_R_Rom_blk_mem_gen_mux
INFO: [VRFC 10-311] analyzing module Picture_R_Rom_blk_mem_gen_mux_HD22
INFO: [VRFC 10-311] analyzing module Picture_R_Rom_blk_mem_gen_mux_HD9
INFO: [VRFC 10-311] analyzing module Picture_R_Rom_blk_mem_gen_prim_width
INFO: [VRFC 10-311] analyzing module Picture_R_Rom_blk_mem_gen_prim_width_HD10
INFO: [VRFC 10-311] analyzing module Picture_R_Rom_blk_mem_gen_prim_width_HD23
INFO: [VRFC 10-311] analyzing module Picture_R_Rom_blk_mem_gen_prim_width__parameterized0
INFO: [VRFC 10-311] analyzing module Picture_R_Rom_blk_mem_gen_prim_width__parameterized0_HD12
INFO: [VRFC 10-311] analyzing module Picture_R_Rom_blk_mem_gen_prim_width__parameterized0_HD25
INFO: [VRFC 10-311] analyzing module Picture_R_Rom_blk_mem_gen_prim_width__parameterized1
INFO: [VRFC 10-311] analyzing module Picture_R_Rom_blk_mem_gen_prim_width__parameterized1_HD14
INFO: [VRFC 10-311] analyzing module Picture_R_Rom_blk_mem_gen_prim_width__parameterized1_HD27
INFO: [VRFC 10-311] analyzing module Picture_R_Rom_blk_mem_gen_prim_wrapper_init
INFO: [VRFC 10-311] analyzing module Picture_R_Rom_blk_mem_gen_prim_wrapper_init_HD11
INFO: [VRFC 10-311] analyzing module Picture_R_Rom_blk_mem_gen_prim_wrapper_init_HD24
INFO: [VRFC 10-311] analyzing module Picture_R_Rom_blk_mem_gen_prim_wrapper_init__parameterized0
INFO: [VRFC 10-311] analyzing module Picture_R_Rom_blk_mem_gen_prim_wrapper_init__parameterized0_HD13
INFO: [VRFC 10-311] analyzing module Picture_R_Rom_blk_mem_gen_prim_wrapper_init__parameterized0_HD26
INFO: [VRFC 10-311] analyzing module Picture_R_Rom_blk_mem_gen_prim_wrapper_init__parameterized1
INFO: [VRFC 10-311] analyzing module Picture_R_Rom_blk_mem_gen_prim_wrapper_init__parameterized1_HD15
INFO: [VRFC 10-311] analyzing module Picture_R_Rom_blk_mem_gen_prim_wrapper_init__parameterized1_HD28
INFO: [VRFC 10-311] analyzing module Picture_R_Rom_blk_mem_gen_top
INFO: [VRFC 10-311] analyzing module Picture_R_Rom_blk_mem_gen_top_HD19
INFO: [VRFC 10-311] analyzing module Picture_R_Rom_blk_mem_gen_top_HD6
INFO: [VRFC 10-311] analyzing module Picture_R_Rom_blk_mem_gen_v8_4_1
INFO: [VRFC 10-311] analyzing module Picture_R_Rom_blk_mem_gen_v8_4_1_HD17
INFO: [VRFC 10-311] analyzing module Picture_R_Rom_blk_mem_gen_v8_4_1_HD4
INFO: [VRFC 10-311] analyzing module Picture_R_Rom_blk_mem_gen_v8_4_1_synth
INFO: [VRFC 10-311] analyzing module Picture_R_Rom_blk_mem_gen_v8_4_1_synth_HD18
INFO: [VRFC 10-311] analyzing module Picture_R_Rom_blk_mem_gen_v8_4_1_synth_HD5
INFO: [VRFC 10-311] analyzing module glbl
INFO: [VRFC 10-2263] Analyzing Verilog file "C:/Users/Opex9020/Desktop/Test/HDMI_Demo/HDMI_Demo/HDMI_Demo.srcs/sources_1/new/Video_Generator.v" into library xil_defaultlib
INFO: [VRFC 10-311] analyzing module Video_Generator
WARNING: [VRFC 10-2845] overwriting previous definition of module Video_Generator [C:/Users/Opex9020/Desktop/Test/HDMI_Demo/HDMI_Demo/HDMI_Demo.srcs/sources_1/new/Video_Generator.v:23]
INFO: [VRFC 10-2263] Analyzing Verilog file "C:/Users/Opex9020/Desktop/Test/HDMI_Demo/HDMI_Demo/HDMI_Demo.srcs/sources_1/new/color_bar.v" into library xil_defaultlib
INFO: [VRFC 10-311] analyzing module color_bar
INFO: [VRFC 10-2263] Analyzing Verilog file "C:/Users/Opex9020/Desktop/Test/HDMI_Demo/HDMI_Demo/HDMI_Demo.srcs/sim_1/new/TestBench.v" into library xil_defaultlib
INFO: [VRFC 10-311] analyzing module TestBench
