Copyright 1986-2018 Xilinx, Inc. All Rights Reserved.
------------------------------------------------------------------------------------
| Tool Version : Vivado v.2018.2 (win64) Build 2258646 Thu Jun 14 20:03:12 MDT 2018
| Date         : Fri Jul 31 15:18:27 2020
| Host         : DESKTOP-52TN4RU running 64-bit major release  (build 9200)
| Command      : report_clock_utilization -file smg_clock_utilization_routed.rpt
| Design       : smg
| Device       : 7s25-ftgb196
| Speed File   : -1  PRODUCTION 1.22 2018-03-21
------------------------------------------------------------------------------------

Clock Utilization Report

Table of Contents
-----------------
1. Clock Primitive Utilization
2. Global Clock Resources
3. Global Clock Source Details
4. Clock Regions: Key Resource Utilization
5. Clock Regions : Global Clock Summary
6. Device Cell Placement Summary for Global Clock g0
7. Device Cell Placement Summary for Global Clock g1
8. Device Cell Placement Summary for Global Clock g2
9. Device Cell Placement Summary for Global Clock g3
10. Device Cell Placement Summary for Global Clock g4
11. Device Cell Placement Summary for Global Clock g5
12. Device Cell Placement Summary for Global Clock g6
13. Clock Region Cell Placement per Global Clock: Region X0Y0
14. Clock Region Cell Placement per Global Clock: Region X1Y0
15. Clock Region Cell Placement per Global Clock: Region X0Y1

1. Clock Primitive Utilization
------------------------------

+----------+------+-----------+-----+--------------+--------+
| Type     | Used | Available | LOC | Clock Region | Pblock |
+----------+------+-----------+-----+--------------+--------+
| BUFGCTRL |    7 |        32 |   0 |            0 |      0 |
| BUFH     |    0 |        48 |   0 |            0 |      0 |
| BUFIO    |    0 |        12 |   0 |            0 |      0 |
| BUFMR    |    0 |         6 |   0 |            0 |      0 |
| BUFR     |    0 |        12 |   0 |            0 |      0 |
| MMCM     |    1 |         3 |   0 |            0 |      0 |
| PLL      |    1 |         3 |   0 |            0 |      0 |
+----------+------+-----------+-----+--------------+--------+


2. Global Clock Resources
-------------------------

+-----------+-----------+-----------------+------------+---------------+--------------+-------------------+-------------+-----------------+--------------+--------------------+----------------------------------------------------------------+---------------------------------------------------------+
| Global Id | Source Id | Driver Type/Pin | Constraint | Site          | Clock Region | Load Clock Region | Clock Loads | Non-Clock Loads | Clock Period | Clock              | Driver Pin                                                     | Net                                                     |
+-----------+-----------+-----------------+------------+---------------+--------------+-------------------+-------------+-----------------+--------------+--------------------+----------------------------------------------------------------+---------------------------------------------------------+
| g0        | src0      | BUFG/O          | None       | BUFGCTRL_X0Y2 | n/a          |                 2 |         493 |               0 |              |                    | rgb2dvi_i_1/O                                                  | clk_system                                              |
| g1        | src1      | BUFG/O          | None       | BUFGCTRL_X0Y3 | n/a          |                 1 |          37 |               0 |              |                    | FSM_sequential_Stage_reg[3]_i_3/O                              | FSM_sequential_Stage_reg[3]_i_3_n_0                     |
| g2        | src2      | BUFG/O          | None       | BUFGCTRL_X0Y4 | n/a          |                 3 |          35 |               0 |       10.000 | sys_clk_pin        | clk_100MHz_IBUF_BUFG_inst/O                                    | clk_100MHz_IBUF_BUFG                                    |
| g3        | src3      | BUFG/O          | None       | BUFGCTRL_X0Y0 | n/a          |                 1 |           8 |               0 |              |                    | U7/rgb2dvi/U0/ClockGenInternal.ClockGenX/PixelClk_BUFG_inst/O  | U7/rgb2dvi/U0/ClockGenInternal.ClockGenX/PixelClk_BUFG  |
| g4        | src3      | BUFG/O          | None       | BUFGCTRL_X0Y1 | n/a          |                 1 |           8 |               0 |              |                    | U7/rgb2dvi/U0/ClockGenInternal.ClockGenX/SerialClk_BUFG_inst/O | U7/rgb2dvi/U0/ClockGenInternal.ClockGenX/SerialClk_BUFG |
| g5        | src4      | BUFG/O          | None       | BUFGCTRL_X0Y6 | n/a          |                 1 |           1 |               0 |        6.757 | clk_out1_clk_wiz_0 | clk_10/inst/clkout1_buf/O                                      | clk_10/inst/clk_out1                                    |
| g6        | src4      | BUFG/O          | None       | BUFGCTRL_X0Y5 | n/a          |                 1 |           1 |               0 |       50.000 | clkfbout_clk_wiz_0 | clk_10/inst/clkf_buf/O                                         | clk_10/inst/clkfbout_buf_clk_wiz_0                      |
+-----------+-----------+-----------------+------------+---------------+--------------+-------------------+-------------+-----------------+--------------+--------------------+----------------------------------------------------------------+---------------------------------------------------------+
* Clock Loads column represents the clock pin loads (pin count)
** Non-Clock Loads column represents the non-clock pin loads (pin count)


3. Global Clock Source Details
------------------------------

+-----------+-----------+---------------------+------------+-----------------+--------------+-------------+-----------------+---------------------+--------------------+--------------------------------------------------------------------------+----------------------------------------------------+
| Source Id | Global Id | Driver Type/Pin     | Constraint | Site            | Clock Region | Clock Loads | Non-Clock Loads | Source Clock Period | Source Clock       | Driver Pin                                                               | Net                                                |
+-----------+-----------+---------------------+------------+-----------------+--------------+-------------+-----------------+---------------------+--------------------+--------------------------------------------------------------------------+----------------------------------------------------+
| src0      | g0        | FDRE/Q              | None       | SLICE_X16Y46    | X1Y0         |           1 |               1 |                     |                    | U7/clk_system_reg/Q                                                      | U7/clk_system_reg_0                                |
| src1      | g1        | FDRE/Q              | None       | SLICE_X14Y46    | X0Y0         |           1 |               1 |                     |                    | U3/clk_10Hz_reg/Q                                                        | U3/clk_10Hz_reg_0                                  |
| src2      | g2        | IBUF/O              | IOB_X1Y24  | IOB_X1Y24       | X1Y0         |           1 |               0 |              10.000 | sys_clk_pin        | clk_100MHz_IBUF_inst/O                                                   | clk_100MHz_IBUF                                    |
| src3      | g3        | PLLE2_ADV/CLKOUT1   | None       | PLLE2_ADV_X1Y0  | X1Y0         |           1 |               0 |                     |                    | U7/rgb2dvi/U0/ClockGenInternal.ClockGenX/GenPLL.DVI_ClkGenerator/CLKOUT1 | U7/rgb2dvi/U0/ClockGenInternal.ClockGenX/PixelClk  |
| src3      | g4        | PLLE2_ADV/CLKOUT0   | None       | PLLE2_ADV_X1Y0  | X1Y0         |           1 |               0 |                     |                    | U7/rgb2dvi/U0/ClockGenInternal.ClockGenX/GenPLL.DVI_ClkGenerator/CLKOUT0 | U7/rgb2dvi/U0/ClockGenInternal.ClockGenX/SerialClk |
| src4      | g5        | MMCME2_ADV/CLKOUT0  | None       | MMCME2_ADV_X1Y0 | X1Y0         |           1 |               0 |               6.757 | clk_out1_clk_wiz_0 | clk_10/inst/mmcm_adv_inst/CLKOUT0                                        | clk_10/inst/clk_out1_clk_wiz_0                     |
| src4      | g6        | MMCME2_ADV/CLKFBOUT | None       | MMCME2_ADV_X1Y0 | X1Y0         |           1 |               0 |              50.000 | clkfbout_clk_wiz_0 | clk_10/inst/mmcm_adv_inst/CLKFBOUT                                       | clk_10/inst/clkfbout_clk_wiz_0                     |
+-----------+-----------+---------------------+------------+-----------------+--------------+-------------+-----------------+---------------------+--------------------+--------------------------------------------------------------------------+----------------------------------------------------+
* Clock Loads column represents the clock pin loads (pin count)
** Non-Clock Loads column represents the non-clock pin loads (pin count)


4. Clock Regions: Key Resource Utilization
------------------------------------------

+-------------------+--------------+--------------+--------------+--------------+--------------+--------------+--------------+--------------+--------------+--------------+--------------+--------------+--------------+--------------+--------------+
|                   | Global Clock |     BUFRs    |    BUFMRs    |    BUFIOs    |     MMCM     |      PLL     |      GT      |      PCI     |    ILOGIC    |    OLOGIC    |      FF      |     LUTM     |    RAMB18    |    RAMB36    |    DSP48E2   |
+-------------------+------+-------+------+-------+------+-------+------+-------+------+-------+------+-------+------+-------+------+-------+------+-------+------+-------+------+-------+------+-------+------+-------+------+-------+------+-------+
| Clock Region Name | Used | Avail | Used | Avail | Used | Avail | Used | Avail | Used | Avail | Used | Avail | Used | Avail | Used | Avail | Used | Avail | Used | Avail | Used | Avail | Used | Avail | Used | Avail | Used | Avail | Used | Avail |
+-------------------+------+-------+------+-------+------+-------+------+-------+------+-------+------+-------+------+-------+------+-------+------+-------+------+-------+------+-------+------+-------+------+-------+------+-------+------+-------+
| X0Y0              |    2 |    12 |    0 |     4 |    0 |     2 |    0 |     4 |    0 |     1 |    0 |     1 |    0 |     0 |    0 |     0 |    0 |    50 |    0 |    50 |  173 |   800 |   99 |   300 |    4 |    20 |    0 |    10 |    0 |    20 |
| X1Y0              |    7 |    12 |    0 |     4 |    0 |     2 |    0 |     4 |    1 |     1 |    1 |     1 |    0 |     0 |    0 |     0 |    0 |    50 |    8 |    50 |  349 |  1300 |   84 |   400 |    4 |    40 |    0 |    20 |    0 |    20 |
| X0Y1              |    1 |    12 |    0 |     4 |    0 |     2 |    0 |     4 |    0 |     1 |    0 |     1 |    0 |     0 |    0 |     0 |    0 |    50 |    0 |    50 |    3 |   800 |    0 |   300 |    0 |    20 |    0 |    10 |    0 |    20 |
| X1Y1              |    0 |    12 |    0 |     0 |    0 |     0 |    0 |     0 |    0 |     0 |    0 |     0 |    0 |     4 |    0 |     1 |    0 |     0 |    0 |     0 |    0 |   750 |    0 |   250 |    0 |    10 |    0 |     5 |    0 |    20 |
+-------------------+------+-------+------+-------+------+-------+------+-------+------+-------+------+-------+------+-------+------+-------+------+-------+------+-------+------+-------+------+-------+------+-------+------+-------+------+-------+
* Global Clock column represents track count; while other columns represents cell counts


5. Clock Regions : Global Clock Summary
---------------------------------------

All Modules
+----+----+----+
|    | X0 | X1 |
+----+----+----+
| Y1 |  1 |  0 |
| Y0 |  2 |  7 |
+----+----+----+


6. Device Cell Placement Summary for Global Clock g0
----------------------------------------------------

+-----------+-----------------+-------------------+-------+-------------+---------------+-------------+----------+----------------+----------+------------+
| Global Id | Driver Type/Pin | Driver Region (D) | Clock | Period (ns) | Waveform (ns) | Slice Loads | IO Loads | Clocking Loads | GT Loads | Net        |
+-----------+-----------------+-------------------+-------+-------------+---------------+-------------+----------+----------------+----------+------------+
| g0        | BUFG/O          | n/a               |       |             |               |         473 |        0 |              1 |        0 | clk_system |
+-----------+-----------------+-------------------+-------+-------------+---------------+-------------+----------+----------------+----------+------------+
* Logic Loads column represents load cell count of all cell types other than IO, GT and clock resources
** IO Loads column represents load cell count of IO types
*** Clocking Loads column represents load cell count that are clock resources (global clock buffer, MMCM, PLL, etc)
**** GT Loads column represents load cell count of GT types


+----+------+------+
|    | X0   | X1   |
+----+------+------+
| Y1 |    0 |    0 |
| Y0 |  152 |  322 |
+----+------+------+


7. Device Cell Placement Summary for Global Clock g1
----------------------------------------------------

+-----------+-----------------+-------------------+-------+-------------+---------------+-------------+----------+----------------+----------+-------------------------------------+
| Global Id | Driver Type/Pin | Driver Region (D) | Clock | Period (ns) | Waveform (ns) | Slice Loads | IO Loads | Clocking Loads | GT Loads | Net                                 |
+-----------+-----------------+-------------------+-------+-------------+---------------+-------------+----------+----------------+----------+-------------------------------------+
| g1        | BUFG/O          | n/a               |       |             |               |          37 |        0 |              0 |        0 | FSM_sequential_Stage_reg[3]_i_3_n_0 |
+-----------+-----------------+-------------------+-------+-------------+---------------+-------------+----------+----------------+----------+-------------------------------------+
* Logic Loads column represents load cell count of all cell types other than IO, GT and clock resources
** IO Loads column represents load cell count of IO types
*** Clocking Loads column represents load cell count that are clock resources (global clock buffer, MMCM, PLL, etc)
**** GT Loads column represents load cell count of GT types


+----+----+-----+
|    | X0 | X1  |
+----+----+-----+
| Y1 |  0 |   0 |
| Y0 |  0 |  37 |
+----+----+-----+


8. Device Cell Placement Summary for Global Clock g2
----------------------------------------------------

+-----------+-----------------+-------------------+-------------+-------------+---------------+-------------+----------+----------------+----------+----------------------+
| Global Id | Driver Type/Pin | Driver Region (D) | Clock       | Period (ns) | Waveform (ns) | Slice Loads | IO Loads | Clocking Loads | GT Loads | Net                  |
+-----------+-----------------+-------------------+-------------+-------------+---------------+-------------+----------+----------------+----------+----------------------+
| g2        | BUFG/O          | n/a               | sys_clk_pin |      10.000 | {0.000 5.000} |          34 |        0 |              1 |        0 | clk_100MHz_IBUF_BUFG |
+-----------+-----------------+-------------------+-------------+-------------+---------------+-------------+----------+----------------+----------+----------------------+
* Logic Loads column represents load cell count of all cell types other than IO, GT and clock resources
** IO Loads column represents load cell count of IO types
*** Clocking Loads column represents load cell count that are clock resources (global clock buffer, MMCM, PLL, etc)
**** GT Loads column represents load cell count of GT types


+----+-----+----+
|    | X0  | X1 |
+----+-----+----+
| Y1 |   3 |  0 |
| Y0 |  30 |  2 |
+----+-----+----+


9. Device Cell Placement Summary for Global Clock g3
----------------------------------------------------

+-----------+-----------------+-------------------+-------+-------------+---------------+-------------+----------+----------------+----------+--------------------------------------------------------+
| Global Id | Driver Type/Pin | Driver Region (D) | Clock | Period (ns) | Waveform (ns) | Slice Loads | IO Loads | Clocking Loads | GT Loads | Net                                                    |
+-----------+-----------------+-------------------+-------+-------------+---------------+-------------+----------+----------------+----------+--------------------------------------------------------+
| g3        | BUFG/O          | n/a               |       |             |               |           0 |        8 |              0 |        0 | U7/rgb2dvi/U0/ClockGenInternal.ClockGenX/PixelClk_BUFG |
+-----------+-----------------+-------------------+-------+-------------+---------------+-------------+----------+----------------+----------+--------------------------------------------------------+
* Logic Loads column represents load cell count of all cell types other than IO, GT and clock resources
** IO Loads column represents load cell count of IO types
*** Clocking Loads column represents load cell count that are clock resources (global clock buffer, MMCM, PLL, etc)
**** GT Loads column represents load cell count of GT types


+----+----+----+
|    | X0 | X1 |
+----+----+----+
| Y1 |  0 |  0 |
| Y0 |  0 |  8 |
+----+----+----+


10. Device Cell Placement Summary for Global Clock g4
-----------------------------------------------------

+-----------+-----------------+-------------------+-------+-------------+---------------+-------------+----------+----------------+----------+---------------------------------------------------------+
| Global Id | Driver Type/Pin | Driver Region (D) | Clock | Period (ns) | Waveform (ns) | Slice Loads | IO Loads | Clocking Loads | GT Loads | Net                                                     |
+-----------+-----------------+-------------------+-------+-------------+---------------+-------------+----------+----------------+----------+---------------------------------------------------------+
| g4        | BUFG/O          | n/a               |       |             |               |           0 |        8 |              0 |        0 | U7/rgb2dvi/U0/ClockGenInternal.ClockGenX/SerialClk_BUFG |
+-----------+-----------------+-------------------+-------+-------------+---------------+-------------+----------+----------------+----------+---------------------------------------------------------+
* Logic Loads column represents load cell count of all cell types other than IO, GT and clock resources
** IO Loads column represents load cell count of IO types
*** Clocking Loads column represents load cell count that are clock resources (global clock buffer, MMCM, PLL, etc)
**** GT Loads column represents load cell count of GT types


+----+----+----+
|    | X0 | X1 |
+----+----+----+
| Y1 |  0 |  0 |
| Y0 |  0 |  8 |
+----+----+----+


11. Device Cell Placement Summary for Global Clock g5
-----------------------------------------------------

+-----------+-----------------+-------------------+--------------------+-------------+---------------+-------------+----------+----------------+----------+----------------------+
| Global Id | Driver Type/Pin | Driver Region (D) | Clock              | Period (ns) | Waveform (ns) | Slice Loads | IO Loads | Clocking Loads | GT Loads | Net                  |
+-----------+-----------------+-------------------+--------------------+-------------+---------------+-------------+----------+----------------+----------+----------------------+
| g5        | BUFG/O          | n/a               | clk_out1_clk_wiz_0 |       6.757 | {0.000 3.378} |           1 |        0 |              0 |        0 | clk_10/inst/clk_out1 |
+-----------+-----------------+-------------------+--------------------+-------------+---------------+-------------+----------+----------------+----------+----------------------+
* Logic Loads column represents load cell count of all cell types other than IO, GT and clock resources
** IO Loads column represents load cell count of IO types
*** Clocking Loads column represents load cell count that are clock resources (global clock buffer, MMCM, PLL, etc)
**** GT Loads column represents load cell count of GT types


+----+----+----+
|    | X0 | X1 |
+----+----+----+
| Y1 |  0 |  0 |
| Y0 |  0 |  1 |
+----+----+----+


12. Device Cell Placement Summary for Global Clock g6
-----------------------------------------------------

+-----------+-----------------+-------------------+--------------------+-------------+----------------+-------------+----------+----------------+----------+------------------------------------+
| Global Id | Driver Type/Pin | Driver Region (D) | Clock              | Period (ns) | Waveform (ns)  | Slice Loads | IO Loads | Clocking Loads | GT Loads | Net                                |
+-----------+-----------------+-------------------+--------------------+-------------+----------------+-------------+----------+----------------+----------+------------------------------------+
| g6        | BUFG/O          | n/a               | clkfbout_clk_wiz_0 |      50.000 | {0.000 25.000} |           0 |        0 |              1 |        0 | clk_10/inst/clkfbout_buf_clk_wiz_0 |
+-----------+-----------------+-------------------+--------------------+-------------+----------------+-------------+----------+----------------+----------+------------------------------------+
* Logic Loads column represents load cell count of all cell types other than IO, GT and clock resources
** IO Loads column represents load cell count of IO types
*** Clocking Loads column represents load cell count that are clock resources (global clock buffer, MMCM, PLL, etc)
**** GT Loads column represents load cell count of GT types


+----+----+----+
|    | X0 | X1 |
+----+----+----+
| Y1 |  0 |  0 |
| Y0 |  0 |  1 |
+----+----+----+


13. Clock Region Cell Placement per Global Clock: Region X0Y0
-------------------------------------------------------------

+-----------+-------+-----------------+------------+-------------+-----------------+-----+--------+------+-----+----+------+-----+---------+----------------------+
| Global Id | Track | Driver Type/Pin | Constraint | Clock Loads | Non-Clock Loads | FF  | LUTRAM | RAMB | DSP | GT | MMCM | PLL | Hard IP | Net                  |
+-----------+-------+-----------------+------------+-------------+-----------------+-----+--------+------+-----+----+------+-----+---------+----------------------+
| g0        | n/a   | BUFG/O          | None       |         152 |               0 | 143 |      0 |    4 |   0 |  0 |    0 |   0 |       0 | clk_system           |
| g2        | n/a   | BUFG/O          | None       |          30 |               0 |  30 |      0 |    0 |   0 |  0 |    0 |   0 |       0 | clk_100MHz_IBUF_BUFG |
+-----------+-------+-----------------+------------+-------------+-----------------+-----+--------+------+-----+----+------+-----+---------+----------------------+
* Clock Loads column represents the clock pin loads (pin count)
** Non-Clock Loads column represents the non-clock pin loads (pin count)
*** Columns FF, LUTRAM, RAMB through 'Hard IP' represents load cell counts


14. Clock Region Cell Placement per Global Clock: Region X1Y0
-------------------------------------------------------------

+-----------+-------+-----------------+------------+-------------+-----------------+-----+--------+------+-----+----+------+-----+---------+---------------------------------------------------------+
| Global Id | Track | Driver Type/Pin | Constraint | Clock Loads | Non-Clock Loads | FF  | LUTRAM | RAMB | DSP | GT | MMCM | PLL | Hard IP | Net                                                     |
+-----------+-------+-----------------+------------+-------------+-----------------+-----+--------+------+-----+----+------+-----+---------+---------------------------------------------------------+
| g0        | n/a   | BUFG/O          | None       |         322 |               0 | 311 |      0 |    4 |   0 |  0 |    0 |   1 |       0 | clk_system                                              |
| g1        | n/a   | BUFG/O          | None       |          37 |               0 |  36 |      1 |    0 |   0 |  0 |    0 |   0 |       0 | FSM_sequential_Stage_reg[3]_i_3_n_0                     |
| g2        | n/a   | BUFG/O          | None       |           2 |               0 |   1 |      0 |    0 |   0 |  0 |    1 |   0 |       0 | clk_100MHz_IBUF_BUFG                                    |
| g3        | n/a   | BUFG/O          | None       |           8 |               0 |   0 |      0 |    0 |   0 |  0 |    0 |   0 |       0 | U7/rgb2dvi/U0/ClockGenInternal.ClockGenX/PixelClk_BUFG  |
| g4        | n/a   | BUFG/O          | None       |           8 |               0 |   0 |      0 |    0 |   0 |  0 |    0 |   0 |       0 | U7/rgb2dvi/U0/ClockGenInternal.ClockGenX/SerialClk_BUFG |
| g5        | n/a   | BUFG/O          | None       |           1 |               0 |   1 |      0 |    0 |   0 |  0 |    0 |   0 |       0 | clk_10/inst/clk_out1                                    |
| g6        | n/a   | BUFG/O          | None       |           1 |               0 |   0 |      0 |    0 |   0 |  0 |    1 |   0 |       0 | clk_10/inst/clkfbout_buf_clk_wiz_0                      |
+-----------+-------+-----------------+------------+-------------+-----------------+-----+--------+------+-----+----+------+-----+---------+---------------------------------------------------------+
* Clock Loads column represents the clock pin loads (pin count)
** Non-Clock Loads column represents the non-clock pin loads (pin count)
*** Columns FF, LUTRAM, RAMB through 'Hard IP' represents load cell counts


15. Clock Region Cell Placement per Global Clock: Region X0Y1
-------------------------------------------------------------

+-----------+-------+-----------------+------------+-------------+-----------------+----+--------+------+-----+----+------+-----+---------+----------------------+
| Global Id | Track | Driver Type/Pin | Constraint | Clock Loads | Non-Clock Loads | FF | LUTRAM | RAMB | DSP | GT | MMCM | PLL | Hard IP | Net                  |
+-----------+-------+-----------------+------------+-------------+-----------------+----+--------+------+-----+----+------+-----+---------+----------------------+
| g2        | n/a   | BUFG/O          | None       |           3 |               0 |  3 |      0 |    0 |   0 |  0 |    0 |   0 |       0 | clk_100MHz_IBUF_BUFG |
+-----------+-------+-----------------+------------+-------------+-----------------+----+--------+------+-----+----+------+-----+---------+----------------------+
* Clock Loads column represents the clock pin loads (pin count)
** Non-Clock Loads column represents the non-clock pin loads (pin count)
*** Columns FF, LUTRAM, RAMB through 'Hard IP' represents load cell counts



# Location of BUFG Primitives 
set_property LOC BUFGCTRL_X0Y2 [get_cells rgb2dvi_i_1]
set_property LOC BUFGCTRL_X0Y4 [get_cells clk_100MHz_IBUF_BUFG_inst]
set_property LOC BUFGCTRL_X0Y5 [get_cells clk_10/inst/clkf_buf]
set_property LOC BUFGCTRL_X0Y6 [get_cells clk_10/inst/clkout1_buf]
set_property LOC BUFGCTRL_X0Y1 [get_cells U7/rgb2dvi/U0/ClockGenInternal.ClockGenX/SerialClk_BUFG_inst]
set_property LOC BUFGCTRL_X0Y0 [get_cells U7/rgb2dvi/U0/ClockGenInternal.ClockGenX/PixelClk_BUFG_inst]
set_property LOC BUFGCTRL_X0Y3 [get_cells FSM_sequential_Stage_reg[3]_i_3]

# Location of IO Primitives which is load of clock spine

# Location of clock ports
set_property LOC IOB_X1Y24 [get_ports clk_100MHz]

# Clock net "clk_system" driven by instance "rgb2dvi_i_1" located at site "BUFGCTRL_X0Y2"
#startgroup
create_pblock {CLKAG_clk_system}
add_cells_to_pblock [get_pblocks  {CLKAG_clk_system}] [get_cells -filter { PRIMITIVE_GROUP != I/O && IS_PRIMITIVE==1 && PRIMITIVE_LEVEL !=INTERNAL && NAME!=U7/rgb2dvi/U0/ClockGenInternal.ClockGenX/GenPLL.DVI_ClkGenerator} -of_object [get_pins -filter {DIRECTION==IN} -of_objects [get_nets -hierarchical -filter {PARENT=="clk_system"}]]]
resize_pblock [get_pblocks {CLKAG_clk_system}] -add {CLOCKREGION_X0Y0:CLOCKREGION_X0Y0 CLOCKREGION_X1Y0:CLOCKREGION_X1Y0}
#endgroup

# Clock net "clk_100MHz_IBUF_BUFG" driven by instance "clk_100MHz_IBUF_BUFG_inst" located at site "BUFGCTRL_X0Y4"
#startgroup
create_pblock {CLKAG_clk_100MHz_IBUF_BUFG}
add_cells_to_pblock [get_pblocks  {CLKAG_clk_100MHz_IBUF_BUFG}] [get_cells -filter { PRIMITIVE_GROUP != I/O && IS_PRIMITIVE==1 && PRIMITIVE_LEVEL !=INTERNAL && NAME!=clk_10/inst/mmcm_adv_inst} -of_object [get_pins -filter {DIRECTION==IN} -of_objects [get_nets -hierarchical -filter {PARENT=="clk_100MHz_IBUF_BUFG"}]]]
resize_pblock [get_pblocks {CLKAG_clk_100MHz_IBUF_BUFG}] -add {CLOCKREGION_X0Y0:CLOCKREGION_X0Y0 CLOCKREGION_X0Y1:CLOCKREGION_X0Y1 CLOCKREGION_X1Y0:CLOCKREGION_X1Y0}
#endgroup

# Clock net "clk_10/inst/clk_out1" driven by instance "clk_10/inst/clkout1_buf" located at site "BUFGCTRL_X0Y6"
#startgroup
create_pblock {CLKAG_clk_10/inst/clk_out1}
add_cells_to_pblock [get_pblocks  {CLKAG_clk_10/inst/clk_out1}] [get_cells -filter { PRIMITIVE_GROUP != I/O && IS_PRIMITIVE==1 && PRIMITIVE_LEVEL !=INTERNAL } -of_object [get_pins -filter {DIRECTION==IN} -of_objects [get_nets -hierarchical -filter {PARENT=="clk_10/inst/clk_out1"}]]]
resize_pblock [get_pblocks {CLKAG_clk_10/inst/clk_out1}] -add {CLOCKREGION_X1Y0:CLOCKREGION_X1Y0}
#endgroup

# Clock net "U7/rgb2dvi/U0/ClockGenInternal.ClockGenX/SerialClk_BUFG" driven by instance "U7/rgb2dvi/U0/ClockGenInternal.ClockGenX/SerialClk_BUFG_inst" located at site "BUFGCTRL_X0Y1"
#startgroup
create_pblock {CLKAG_U7/rgb2dvi/U0/ClockGenInternal.ClockGenX/SerialClk_BUFG}
add_cells_to_pblock [get_pblocks  {CLKAG_U7/rgb2dvi/U0/ClockGenInternal.ClockGenX/SerialClk_BUFG}] [get_cells -filter { PRIMITIVE_GROUP != I/O && IS_PRIMITIVE==1 && PRIMITIVE_LEVEL !=INTERNAL } -of_object [get_pins -filter {DIRECTION==IN} -of_objects [get_nets -hierarchical -filter {PARENT=="U7/rgb2dvi/U0/ClockGenInternal.ClockGenX/SerialClk_BUFG"}]]]
resize_pblock [get_pblocks {CLKAG_U7/rgb2dvi/U0/ClockGenInternal.ClockGenX/SerialClk_BUFG}] -add {CLOCKREGION_X1Y0:CLOCKREGION_X1Y0}
#endgroup

# Clock net "U7/rgb2dvi/U0/ClockGenInternal.ClockGenX/PixelClk_BUFG" driven by instance "U7/rgb2dvi/U0/ClockGenInternal.ClockGenX/PixelClk_BUFG_inst" located at site "BUFGCTRL_X0Y0"
#startgroup
create_pblock {CLKAG_U7/rgb2dvi/U0/ClockGenInternal.ClockGenX/PixelClk_BUFG}
add_cells_to_pblock [get_pblocks  {CLKAG_U7/rgb2dvi/U0/ClockGenInternal.ClockGenX/PixelClk_BUFG}] [get_cells -filter { PRIMITIVE_GROUP != I/O && IS_PRIMITIVE==1 && PRIMITIVE_LEVEL !=INTERNAL } -of_object [get_pins -filter {DIRECTION==IN} -of_objects [get_nets -hierarchical -filter {PARENT=="U7/rgb2dvi/U0/ClockGenInternal.ClockGenX/PixelClk_BUFG"}]]]
resize_pblock [get_pblocks {CLKAG_U7/rgb2dvi/U0/ClockGenInternal.ClockGenX/PixelClk_BUFG}] -add {CLOCKREGION_X1Y0:CLOCKREGION_X1Y0}
#endgroup

# Clock net "FSM_sequential_Stage_reg[3]_i_3_n_0" driven by instance "FSM_sequential_Stage_reg[3]_i_3" located at site "BUFGCTRL_X0Y3"
#startgroup
create_pblock {CLKAG_FSM_sequential_Stage_reg[3]_i_3_n_0}
add_cells_to_pblock [get_pblocks  {CLKAG_FSM_sequential_Stage_reg[3]_i_3_n_0}] [get_cells -filter { PRIMITIVE_GROUP != I/O && IS_PRIMITIVE==1 && PRIMITIVE_LEVEL !=INTERNAL } -of_object [get_pins -filter {DIRECTION==IN} -of_objects [get_nets -hierarchical -filter {PARENT=="FSM_sequential_Stage_reg[3]_i_3_n_0"}]]]
resize_pblock [get_pblocks {CLKAG_FSM_sequential_Stage_reg[3]_i_3_n_0}] -add {CLOCKREGION_X1Y0:CLOCKREGION_X1Y0}
#endgroup
