Copyright 1986-2018 Xilinx, Inc. All Rights Reserved.
------------------------------------------------------------------------------------
| Tool Version : Vivado v.2018.2 (win64) Build 2258646 Thu Jun 14 20:03:12 MDT 2018
| Date         : Fri Jul 31 15:17:57 2020
| Host         : DESKTOP-52TN4RU running 64-bit major release  (build 9200)
| Command      : report_control_sets -verbose -file smg_control_sets_placed.rpt
| Design       : smg
| Device       : xc7s25
------------------------------------------------------------------------------------

Control Set Information

Table of Contents
-----------------
1. Summary
2. Histogram
3. Flip-Flop Distribution
4. Detailed Control Set Information

1. Summary
----------

+----------------------------------------------------------+-------+
|                          Status                          | Count |
+----------------------------------------------------------+-------+
| Number of unique control sets                            |    35 |
| Unused register locations in slices containing registers |    94 |
+----------------------------------------------------------+-------+


2. Histogram
------------

+--------+--------------+
| Fanout | Control Sets |
+--------+--------------+
|      2 |            1 |
|      4 |            1 |
|      6 |            2 |
|      8 |            5 |
|    16+ |           26 |
+--------+--------------+


3. Flip-Flop Distribution
-------------------------

+--------------+-----------------------+------------------------+-----------------+--------------+
| Clock Enable | Synchronous Set/Reset | Asynchronous Set/Reset | Total Registers | Total Slices |
+--------------+-----------------------+------------------------+-----------------+--------------+
| No           | No                    | No                     |             260 |           56 |
| No           | No                    | Yes                    |              12 |            2 |
| No           | Yes                   | No                     |             146 |           27 |
| Yes          | No                    | No                     |             184 |           37 |
| Yes          | No                    | Yes                    |               0 |            0 |
| Yes          | Yes                   | No                     |             448 |           64 |
+--------------+-----------------------+------------------------+-----------------+--------------+


4. Detailed Control Set Information
-----------------------------------

+--------------------------------------+---------------------------------------+----------------------------------------------------------------------------------+------------------+----------------+
|             Clock Signal             |             Enable Signal             |                                 Set/Reset Signal                                 | Slice Load Count | Bel Load Count |
+--------------------------------------+---------------------------------------+----------------------------------------------------------------------------------+------------------+----------------+
|  clk_10/inst/clk_out1                |                                       |                                                                                  |                1 |              2 |
|  clk_system                          |                                       | U7/rgb2dvi/U0/ClockGenInternal.ClockGenX/in0                                     |                1 |              4 |
|  FSM_sequential_Stage_reg[3]_i_3_n_0 | U3/disp                               |                                                                                  |                3 |              6 |
|  clk_100MHz_IBUF_BUFG                |                                       |                                                                                  |                3 |              6 |
|  FSM_sequential_Stage_reg[3]_i_3_n_0 | U3/FSM_sequential_Stage[3]_i_1_n_0    |                                                                                  |                4 |              8 |
|  FSM_sequential_Stage_reg[3]_i_3_n_0 | U3/data[5]_i_1_n_0                    |                                                                                  |                2 |              8 |
|  FSM_sequential_Stage_reg[3]_i_3_n_0 | U3/flag2[3]_i_1_n_0                   |                                                                                  |                2 |              8 |
|  FSM_sequential_Stage_reg[3]_i_3_n_0 | U3/eye[3]_i_1_n_0                     |                                                                                  |                4 |              8 |
|  clk_system                          |                                       | U7/rgb2dvi/U0/ClockGenInternal.ClockGenX/LockLostReset/SyncAsyncx/oSyncStages[1] |                1 |              8 |
|  FSM_sequential_Stage_reg[3]_i_3_n_0 | U3/i[7]_i_1_n_0                       |                                                                                  |                4 |             16 |
|  FSM_sequential_Stage_reg[3]_i_3_n_0 |                                       |                                                                                  |                8 |             20 |
|  clk_system                          |                                       | U7/rgb2dvi/U0/DataEncoders[0].DataEncoder/pDataOutRaw[9]_i_1__1_n_0              |                4 |             20 |
|  clk_system                          | U7/Driver_HDMI0/Set_Y_reg[11]_i_1_n_2 |                                                                                  |                3 |             24 |
|  clk_system                          | U7/Driver_HDMI0/Set_X_reg[11]_i_1_n_2 |                                                                                  |                4 |             24 |
|  clk_system                          | U7/Driver_HDMI0/VSync_Cnt0            |                                                                                  |                3 |             24 |
|  clk_system                          | U7/Driver_HDMI0/wei_addra             | U7/Driver_HDMI0/wei_addra1                                                       |                4 |             28 |
|  clk_system                          | U7/Driver_HDMI0/wei2_addra            | U7/Driver_HDMI0/wei2_addra1                                                      |                4 |             28 |
|  clk_system                          | U7/Driver_HDMI0/you_addra             | U7/Driver_HDMI0/you_addra1                                                       |                4 |             28 |
|  clk_system                          | U7/Driver_HDMI0/yanl_addra            | U7/Driver_HDMI0/yanl_addra1                                                      |                4 |             28 |
|  clk_system                          | U7/Driver_HDMI0/yanr_addra            | U7/Driver_HDMI0/yanr_addra1                                                      |                4 |             28 |
|  clk_system                          | U7/Driver_HDMI0/zuo_addra             | U7/Driver_HDMI0/zuo_addra1                                                       |                4 |             28 |
|  clk_system                          | U7/Driver_HDMI0/shi2_addra            | U7/Driver_HDMI0/shi2_addra1                                                      |                4 |             28 |
|  clk_system                          | U7/Driver_HDMI0/si_addra              | U7/Driver_HDMI0/si_addra1                                                        |                4 |             28 |
|  clk_system                          | U7/Driver_HDMI0/ce2_addra             | U7/Driver_HDMI0/ce2_addra1                                                       |                4 |             28 |
|  clk_system                          | U7/Driver_HDMI0/cheng_addra           | U7/Driver_HDMI0/cheng_addra1                                                     |                4 |             28 |
|  clk_system                          | U7/Driver_HDMI0/cheng2_addra          | U7/Driver_HDMI0/cheng2_addra1                                                    |                4 |             28 |
|  clk_system                          | U7/Driver_HDMI0/dan_addra             | U7/Driver_HDMI0/dan_addra1                                                       |                4 |             28 |
|  clk_system                          | U7/Driver_HDMI0/kai_addra             | U7/Driver_HDMI0/kai_addra1                                                       |                4 |             28 |
|  clk_system                          | U7/Driver_HDMI0/l40_addra             | U7/Driver_HDMI0/l40_addra1                                                       |                4 |             28 |
|  clk_system                          | U7/Driver_HDMI0/r40_addra             | U7/Driver_HDMI0/r40_addra1                                                       |                4 |             28 |
|  clk_system                          | U7/Driver_HDMI0/wan2_addra            | U7/Driver_HDMI0/wan2_addra1                                                      |                4 |             28 |
|  clk_system                          | U3/E[0]                               |                                                                                  |                9 |             60 |
|  clk_100MHz_IBUF_BUFG                |                                       | U3/clk_10Hz                                                                      |                8 |             62 |
|  clk_system                          |                                       | U7/rgb2dvi/U0/DataEncoders[0].DataEncoder/SR[0]                                  |               15 |             64 |
|  clk_system                          |                                       |                                                                                  |               44 |            232 |
+--------------------------------------+---------------------------------------+----------------------------------------------------------------------------------+------------------+----------------+


